CRITICAL - 2022-04-28 00:09:17 --> Use of undefined constant Rp - assumed 'Rp' (this will throw an Error in a future version of PHP)
#0 C:\xampp\htdocs\nvidia-web\app\Views\product\product.php(24): CodeIgniter\Debug\Exceptions->errorHandler(2, 'Use of undefine...', 'C:\\xampp\\htdocs...', 24, Array)
#1 C:\xampp\htdocs\nvidia-web\system\View\View.php(210): include('C:\\xampp\\htdocs...')
#2 C:\xampp\htdocs\nvidia-web\system\View\View.php(213): CodeIgniter\View\View->CodeIgniter\View\{closure}()
#3 C:\xampp\htdocs\nvidia-web\system\Common.php(1089): CodeIgniter\View\View->render('product/product', Array, true)
#4 C:\xampp\htdocs\nvidia-web\app\Controllers\Product.php(23): view('product/product', Array)
#5 C:\xampp\htdocs\nvidia-web\system\CodeIgniter.php(832): App\Controllers\Product->index()
#6 C:\xampp\htdocs\nvidia-web\system\CodeIgniter.php(419): CodeIgniter\CodeIgniter->runController(Object(App\Controllers\Product))
#7 C:\xampp\htdocs\nvidia-web\system\CodeIgniter.php(326): CodeIgniter\CodeIgniter->handleRequest(NULL, Object(Config\Cache), false)
#8 C:\xampp\htdocs\nvidia-web\public\index.php(37): CodeIgniter\CodeIgniter->run()
#9 C:\xampp\htdocs\nvidia-web\system\Commands\Server\rewrite.php(43): require_once('C:\\xampp\\htdocs...')
#10 {main}
CRITICAL - 2022-04-28 00:35:52 --> Undefined variable: l
#0 C:\xampp\htdocs\nvidia-web\app\Views\product\detail.php(34): CodeIgniter\Debug\Exceptions->errorHandler(8, 'Undefined varia...', 'C:\\xampp\\htdocs...', 34, Array)
#1 C:\xampp\htdocs\nvidia-web\system\View\View.php(210): include('C:\\xampp\\htdocs...')
#2 C:\xampp\htdocs\nvidia-web\system\View\View.php(213): CodeIgniter\View\View->CodeIgniter\View\{closure}()
#3 C:\xampp\htdocs\nvidia-web\system\Common.php(1089): CodeIgniter\View\View->render('product/detail', Array, true)
#4 C:\xampp\htdocs\nvidia-web\app\Controllers\Product.php(45): view('product/detail', Array)
#5 C:\xampp\htdocs\nvidia-web\system\CodeIgniter.php(832): App\Controllers\Product->detail('1')
#6 C:\xampp\htdocs\nvidia-web\system\CodeIgniter.php(419): CodeIgniter\CodeIgniter->runController(Object(App\Controllers\Product))
#7 C:\xampp\htdocs\nvidia-web\system\CodeIgniter.php(326): CodeIgniter\CodeIgniter->handleRequest(NULL, Object(Config\Cache), false)
#8 C:\xampp\htdocs\nvidia-web\public\index.php(37): CodeIgniter\CodeIgniter->run()
#9 C:\xampp\htdocs\nvidia-web\system\Commands\Server\rewrite.php(43): require_once('C:\\xampp\\htdocs...')
#10 {main}
CRITICAL - 2022-04-28 00:38:18 --> Undefined variable: l
#0 C:\xampp\htdocs\nvidia-web\app\Views\product\detail.php(40): CodeIgniter\Debug\Exceptions->errorHandler(8, 'Undefined varia...', 'C:\\xampp\\htdocs...', 40, Array)
#1 C:\xampp\htdocs\nvidia-web\system\View\View.php(210): include('C:\\xampp\\htdocs...')
#2 C:\xampp\htdocs\nvidia-web\system\View\View.php(213): CodeIgniter\View\View->CodeIgniter\View\{closure}()
#3 C:\xampp\htdocs\nvidia-web\system\Common.php(1089): CodeIgniter\View\View->render('product/detail', Array, true)
#4 C:\xampp\htdocs\nvidia-web\app\Controllers\Product.php(45): view('product/detail', Array)
#5 C:\xampp\htdocs\nvidia-web\system\CodeIgniter.php(832): App\Controllers\Product->detail('1')
#6 C:\xampp\htdocs\nvidia-web\system\CodeIgniter.php(419): CodeIgniter\CodeIgniter->runController(Object(App\Controllers\Product))
#7 C:\xampp\htdocs\nvidia-web\system\CodeIgniter.php(326): CodeIgniter\CodeIgniter->handleRequest(NULL, Object(Config\Cache), false)
#8 C:\xampp\htdocs\nvidia-web\public\index.php(37): CodeIgniter\CodeIgniter->run()
#9 C:\xampp\htdocs\nvidia-web\system\Commands\Server\rewrite.php(43): require_once('C:\\xampp\\htdocs...')
#10 {main}
