CRITICAL - 2022-04-27 21:43:00 --> Undefined variable: nav
#0 C:\xampp\htdocs\nvidia-web\app\Views\template.php(27): CodeIgniter\Debug\Exceptions->errorHandler(8, 'Undefined varia...', 'C:\\xampp\\htdocs...', 27, Array)
#1 C:\xampp\htdocs\nvidia-web\system\View\View.php(210): include('C:\\xampp\\htdocs...')
#2 C:\xampp\htdocs\nvidia-web\system\View\View.php(213): CodeIgniter\View\View->CodeIgniter\View\{closure}()
#3 C:\xampp\htdocs\nvidia-web\system\Common.php(1089): CodeIgniter\View\View->render('template', Array, true)
#4 C:\xampp\htdocs\nvidia-web\app\Controllers\Home.php(9): view('template')
#5 C:\xampp\htdocs\nvidia-web\system\CodeIgniter.php(832): App\Controllers\Home->index()
#6 C:\xampp\htdocs\nvidia-web\system\CodeIgniter.php(419): CodeIgniter\CodeIgniter->runController(Object(App\Controllers\Home))
#7 C:\xampp\htdocs\nvidia-web\system\CodeIgniter.php(326): CodeIgniter\CodeIgniter->handleRequest(NULL, Object(Config\Cache), false)
#8 C:\xampp\htdocs\nvidia-web\public\index.php(37): CodeIgniter\CodeIgniter->run()
#9 C:\xampp\htdocs\nvidia-web\system\Commands\Server\rewrite.php(43): require_once('C:\\xampp\\htdocs...')
#10 {main}
CRITICAL - 2022-04-27 21:45:49 --> Invalid file: layout/template.php
#0 C:\xampp\htdocs\nvidia-web\system\View\View.php(198): CodeIgniter\Exceptions\FrameworkException::forInvalidFile('layout/template...')
#1 C:\xampp\htdocs\nvidia-web\system\View\View.php(226): CodeIgniter\View\View->render('layout/template', Array, true)
#2 C:\xampp\htdocs\nvidia-web\system\Common.php(1089): CodeIgniter\View\View->render('contact', Array, true)
#3 C:\xampp\htdocs\nvidia-web\app\Controllers\Contact.php(14): view('contact', Array)
#4 C:\xampp\htdocs\nvidia-web\system\CodeIgniter.php(832): App\Controllers\Contact->index()
#5 C:\xampp\htdocs\nvidia-web\system\CodeIgniter.php(419): CodeIgniter\CodeIgniter->runController(Object(App\Controllers\Contact))
#6 C:\xampp\htdocs\nvidia-web\system\CodeIgniter.php(326): CodeIgniter\CodeIgniter->handleRequest(NULL, Object(Config\Cache), false)
#7 C:\xampp\htdocs\nvidia-web\public\index.php(37): CodeIgniter\CodeIgniter->run()
#8 C:\xampp\htdocs\nvidia-web\system\Commands\Server\rewrite.php(43): require_once('C:\\xampp\\htdocs...')
#9 {main}
CRITICAL - 2022-04-27 21:56:47 --> Invalid file: tecno.php
#0 C:\xampp\htdocs\nvidia-web\system\View\View.php(198): CodeIgniter\Exceptions\FrameworkException::forInvalidFile('tecno.php')
#1 C:\xampp\htdocs\nvidia-web\system\Common.php(1089): CodeIgniter\View\View->render('tecno', Array, true)
#2 C:\xampp\htdocs\nvidia-web\app\Controllers\Techno.php(14): view('tecno', Array)
#3 C:\xampp\htdocs\nvidia-web\system\CodeIgniter.php(832): App\Controllers\Techno->index()
#4 C:\xampp\htdocs\nvidia-web\system\CodeIgniter.php(419): CodeIgniter\CodeIgniter->runController(Object(App\Controllers\Techno))
#5 C:\xampp\htdocs\nvidia-web\system\CodeIgniter.php(326): CodeIgniter\CodeIgniter->handleRequest(NULL, Object(Config\Cache), false)
#6 C:\xampp\htdocs\nvidia-web\public\index.php(37): CodeIgniter\CodeIgniter->run()
#7 C:\xampp\htdocs\nvidia-web\system\Commands\Server\rewrite.php(43): require_once('C:\\xampp\\htdocs...')
#8 {main}
CRITICAL - 2022-04-27 23:48:34 --> Invalid argument supplied for foreach()
#0 C:\xampp\htdocs\nvidia-web\app\Views\product\product.php(18): CodeIgniter\Debug\Exceptions->errorHandler(2, 'Invalid argumen...', 'C:\\xampp\\htdocs...', 18, Array)
#1 C:\xampp\htdocs\nvidia-web\system\View\View.php(210): include('C:\\xampp\\htdocs...')
#2 C:\xampp\htdocs\nvidia-web\system\View\View.php(213): CodeIgniter\View\View->CodeIgniter\View\{closure}()
#3 C:\xampp\htdocs\nvidia-web\system\Common.php(1089): CodeIgniter\View\View->render('product/product', Array, true)
#4 C:\xampp\htdocs\nvidia-web\app\Controllers\Product.php(23): view('product/product', Array)
#5 C:\xampp\htdocs\nvidia-web\system\CodeIgniter.php(832): App\Controllers\Product->index()
#6 C:\xampp\htdocs\nvidia-web\system\CodeIgniter.php(419): CodeIgniter\CodeIgniter->runController(Object(App\Controllers\Product))
#7 C:\xampp\htdocs\nvidia-web\system\CodeIgniter.php(326): CodeIgniter\CodeIgniter->handleRequest(NULL, Object(Config\Cache), false)
#8 C:\xampp\htdocs\nvidia-web\public\index.php(37): CodeIgniter\CodeIgniter->run()
#9 C:\xampp\htdocs\nvidia-web\system\Commands\Server\rewrite.php(43): require_once('C:\\xampp\\htdocs...')
#10 {main}
CRITICAL - 2022-04-27 23:51:39 --> Invalid argument supplied for foreach()
#0 C:\xampp\htdocs\nvidia-web\app\Views\product\product.php(18): CodeIgniter\Debug\Exceptions->errorHandler(2, 'Invalid argumen...', 'C:\\xampp\\htdocs...', 18, Array)
#1 C:\xampp\htdocs\nvidia-web\system\View\View.php(210): include('C:\\xampp\\htdocs...')
#2 C:\xampp\htdocs\nvidia-web\system\View\View.php(213): CodeIgniter\View\View->CodeIgniter\View\{closure}()
#3 C:\xampp\htdocs\nvidia-web\system\Common.php(1089): CodeIgniter\View\View->render('product/product', Array, true)
#4 C:\xampp\htdocs\nvidia-web\app\Controllers\Product.php(23): view('product/product', Array)
#5 C:\xampp\htdocs\nvidia-web\system\CodeIgniter.php(832): App\Controllers\Product->index()
#6 C:\xampp\htdocs\nvidia-web\system\CodeIgniter.php(419): CodeIgniter\CodeIgniter->runController(Object(App\Controllers\Product))
#7 C:\xampp\htdocs\nvidia-web\system\CodeIgniter.php(326): CodeIgniter\CodeIgniter->handleRequest(NULL, Object(Config\Cache), false)
#8 C:\xampp\htdocs\nvidia-web\public\index.php(37): CodeIgniter\CodeIgniter->run()
#9 C:\xampp\htdocs\nvidia-web\system\Commands\Server\rewrite.php(43): require_once('C:\\xampp\\htdocs...')
#10 {main}
CRITICAL - 2022-04-27 23:51:49 --> Invalid argument supplied for foreach()
#0 C:\xampp\htdocs\nvidia-web\app\Views\product\product.php(18): CodeIgniter\Debug\Exceptions->errorHandler(2, 'Invalid argumen...', 'C:\\xampp\\htdocs...', 18, Array)
#1 C:\xampp\htdocs\nvidia-web\system\View\View.php(210): include('C:\\xampp\\htdocs...')
#2 C:\xampp\htdocs\nvidia-web\system\View\View.php(213): CodeIgniter\View\View->CodeIgniter\View\{closure}()
#3 C:\xampp\htdocs\nvidia-web\system\Common.php(1089): CodeIgniter\View\View->render('product/product', Array, true)
#4 C:\xampp\htdocs\nvidia-web\app\Controllers\Product.php(23): view('product/product', Array)
#5 C:\xampp\htdocs\nvidia-web\system\CodeIgniter.php(832): App\Controllers\Product->index()
#6 C:\xampp\htdocs\nvidia-web\system\CodeIgniter.php(419): CodeIgniter\CodeIgniter->runController(Object(App\Controllers\Product))
#7 C:\xampp\htdocs\nvidia-web\system\CodeIgniter.php(326): CodeIgniter\CodeIgniter->handleRequest(NULL, Object(Config\Cache), false)
#8 C:\xampp\htdocs\nvidia-web\public\index.php(37): CodeIgniter\CodeIgniter->run()
#9 C:\xampp\htdocs\nvidia-web\system\Commands\Server\rewrite.php(43): require_once('C:\\xampp\\htdocs...')
#10 {main}
